<?xml version="1.0" encoding="UTF-8"?>
<TestRun id="14c7c11a-740b-426c-b908-b5a356b76c0d" name="Steven.Suing@ASDFDSFASDFASD 2014-12-16 14:51:33" runUser="ASDFDSFASDFASD\Steven.Suing" xmlns="http://microsoft.com/schemas/VisualStudio/TeamTest/2010">
  <TestSettings name="Local" id="51479641-3046-4a7e-bac6-0cc9ebe85d5a">
    <Description>These are default test settings for a local test run.</Description>
    <Execution>
      <TestTypeSpecific />
      <AgentRule name="Execution Agents">
      </AgentRule>
    </Execution>
    <Deployment runDeploymentRoot="Steven.Suing_ASDFDSFASDFASD 2014-12-16 14_51_33" />
    <Properties />
  </TestSettings>
  <Times creation="2014-12-16T14:51:33.0488993+00:00" queuing="2014-12-16T14:51:33.3978858+00:00" start="2014-12-16T14:51:33.4958816+00:00" finish="2014-12-16T14:51:44.3489758+00:00" />
  <ResultSummary outcome="Failed">
    <Counters total="1" executed="1" error="0" failed="1" timeout="0" aborted="0" inconclusive="0" passedButRunAborted="0" notRunnable="0" notExecuted="0" disconnected="0" warning="0" passed="0" completed="0" inProgress="0" pending="0" />
  </ResultSummary>
  <TestDefinitions>
    <WebTest name="UpdateCC" storage="c:\users\steven.suing\documents\visual studio 2013\projects\demodcproject\demodcproject.performance\updatecc.webtest" id="7276f83d-2c0e-46c0-b3d1-2e03c4a94dee" persistedWebTest="77u/PD94bWwgdmVyc2lvbj0iMS4wIiBlbmNvZGluZz0iVVRGLTgiIHN0YW5kYWxvbmU9InllcyI/Pg0KPFdlYlRlc3QgTmFtZT0iVXBkYXRlQ0MiIElkPSI3Mjc2ZjgzZC0yYzBlLTQ2YzAtYjNkMS0yZTAzYzRhOTRkZWUiIE93bmVyPSIiIFByaW9yaXR5PSIyMTQ3NDgzNjQ3IiBFbmFibGVkPSJUcnVlIiBDc3NQcm9qZWN0U3RydWN0dXJlPSIiIENzc0l0ZXJhdGlvbj0iIiBUaW1lb3V0PSIwIiBXb3JrSXRlbUlkcz0iIiB4bWxucz0iaHR0cDovL21pY3Jvc29mdC5jb20vc2NoZW1hcy9WaXN1YWxTdHVkaW8vVGVhbVRlc3QvMjAxMCIgRGVzY3JpcHRpb249IiIgQ3JlZGVudGlhbFVzZXJOYW1lPSIiIENyZWRlbnRpYWxQYXNzd29yZD0iIiBQcmVBdXRoZW50aWNhdGU9IlRydWUiIFByb3h5PSJkZWZhdWx0IiBTdG9wT25FcnJvcj0iRmFsc2UiIFJlY29yZGVkUmVzdWx0RmlsZT0iIiBSZXN1bHRzTG9jYWxlPSIiPg0KICA8SXRlbXM+DQogICAgPFJlcXVlc3QgTWV0aG9kPSJQVVQiIEd1aWQ9ImM2ODNjODY3LTM2ODktNDU5OS05YzEyLTNkMDRhMTg0YWMwZSIgVmVyc2lvbj0iMS4xIiBVcmw9Imh0dHA6Ly9sb2NhbGhvc3Q6MTI4Ny9BUEkvQ3JlZGl0Q2FyZHMiIFRoaW5rVGltZT0iMCIgVGltZW91dD0iMzAwIiBQYXJzZURlcGVuZGVudFJlcXVlc3RzPSJUcnVlIiBGb2xsb3dSZWRpcmVjdHM9IlRydWUiIFJlY29yZFJlc3VsdD0iVHJ1ZSIgQ2FjaGU9IkZhbHNlIiBSZXNwb25zZVRpbWVHb2FsPSIwIiBFbmNvZGluZz0idXRmLTgiIEV4cGVjdGVkSHR0cFN0YXR1c0NvZGU9IjAiIEV4cGVjdGVkUmVzcG9uc2VVcmw9IiIgUmVwb3J0aW5nTmFtZT0iIiBJZ25vcmVIdHRwU3RhdHVzQ29kZT0iRmFsc2UiPg0KICAgICAgPFN0cmluZ0h0dHBCb2R5IENvbnRlbnRUeXBlPSIiIEluc2VydEJ5dGVPcmRlck1hcms9IkZhbHNlIj5ld0FOQUFvQUlBQWdBQ0FBSUFBaUFFTUFjZ0JsQUdRQWFRQjBBRU1BWVFCeUFHUUFUZ0IxQUcwQVlnQmxBSElBSWdBNkFDQUFJZ0J6QUdFQWJRQndBR3dBWlFBZ0FITUFkQUJ5QUdrQWJnQm5BQ0FBTVFBaUFDd0FEUUFLQUNBQUlBQWdBQ0FBSWdCV0FHVUFjZ0JwQUdZQWFRQmpBR0VBZEFCcEFHOEFiZ0JEQUc4QVpBQmxBQ0lBT2dBZ0FDSUFjd0JoQUcwQWNBQnNBR1VBSUFCekFIUUFjZ0JwQUc0QVp3QWdBRElBSWdBc0FBMEFDZ0FnQUNBQUlBQWdBQ0lBUlFCNEFIQUFSQUJoQUhRQVpRQWlBRG9BSUFBaUFITUFZUUJ0QUhBQWJBQmxBQ0FBY3dCMEFISUFhUUJ1QUdjQUlBQXpBQ0lBTEFBTkFBb0FJQUFnQUNBQUlBQWlBRlFBYndCckFHVUFiZ0FpQURvQUlBQWlBSE1BWVFCdEFIQUFiQUJsQUNBQWN3QjBBSElBYVFCdUFHY0FJQUEwQUNJQUxBQU5BQW9BSUFBZ0FDQUFJQUFpQUVrQVpBQWlBRG9BSUFBeEFBMEFDZ0I5QUE9PTwvU3RyaW5nSHR0cEJvZHk+DQogICAgPC9SZXF1ZXN0Pg0KICA8L0l0ZW1zPg0KPC9XZWJUZXN0Pg==">
      <Execution id="066b3649-4f7b-4110-8923-c492ad83bc35" />
    </WebTest>
  </TestDefinitions>
  <TestLists>
    <TestList name="Results Not in a List" id="8c84fa94-04c1-424b-9868-57a2d4851a1d" />
    <TestList name="All Loaded Results" id="19431567-8539-422a-85d7-44ee4e166bda" />
  </TestLists>
  <TestEntries>
    <TestEntry isTransparent="false" testId="7276f83d-2c0e-46c0-b3d1-2e03c4a94dee" executionId="066b3649-4f7b-4110-8923-c492ad83bc35" testListId="8c84fa94-04c1-424b-9868-57a2d4851a1d" />
  </TestEntries>
  <Results>
    <WebTestResult executionId="066b3649-4f7b-4110-8923-c492ad83bc35" testId="7276f83d-2c0e-46c0-b3d1-2e03c4a94dee" testName="UpdateCC" computerName="ASDFDSFASDFASD" duration="00:00:00.1316898" startTime="2014-12-16T14:51:33.5818826+00:00" endTime="2014-12-16T14:51:44.3219701+00:00" testType="4e7599fa-5ecb-43e9-a887-cd63cf72d207" outcome="Failed" testListId="8c84fa94-04c1-424b-9868-57a2d4851a1d" relativeResultsDirectory="066b3649-4f7b-4110-8923-c492ad83bc35">
      <Output>
        <ErrorInfo>
          <Message>1 primary requests, 0 dependant requests and 0 conditional rules failed</Message>
        </ErrorInfo>
      </Output>
      <ResultFiles>
        <ResultFile path="UpdateCC.webtestResult" />
      </ResultFiles>
      <TestSettings name="Local" id="51479641-3046-4a7e-bac6-0cc9ebe85d5a">
        <Description>These are default test settings for a local test run.</Description>
        <Execution>
          <TestTypeSpecific>
            <WebTestRunConfiguration testTypeId="4e7599fa-5ecb-43e9-a887-cd63cf72d207">
              <Browser name="Internet Explorer 9.0" MaxConnections="6">
                <Headers>
                  <Header name="User-Agent" value="Mozilla/5.0 (compatible; MSIE 9.0; Windows NT 6.1; Trident/5.0)" />
                  <Header name="Accept" value="*/*" />
                  <Header name="Accept-Language" value="{{$IEAcceptLanguage}}" />
                  <Header name="Accept-Encoding" value="GZIP" />
                </Headers>
              </Browser>
            </WebTestRunConfiguration>
          </TestTypeSpecific>
          <AgentRule name="Execution Agents">
          </AgentRule>
        </Execution>
        <Deployment runDeploymentRoot="Steven.Suing_ASDFDSFASDFASD 2014-12-16 14_51_33" />
        <Properties />
      </TestSettings>
      <WebTestResultFilePath>Steven.Suing_ASDFDSFASDFASD 2014-12-16 14_51_33\In\066b3649-4f7b-4110-8923-c492ad83bc35\UpdateCC.webtestResult</WebTestResultFilePath>
    </WebTestResult>
  </Results>
</TestRun>