<?xml version="1.0" encoding="UTF-8"?>
<TestRun id="344588de-ee09-45f8-8e69-9aae25e807a8" name="Steven.Suing@ASDFDSFASDFASD 2014-12-15 14:43:19" runUser="ASDFDSFASDFASD\Steven.Suing" xmlns="http://microsoft.com/schemas/VisualStudio/TeamTest/2010">
  <TestSettings name="Local" id="51479641-3046-4a7e-bac6-0cc9ebe85d5a">
    <Description>These are default test settings for a local test run.</Description>
    <Execution>
      <TestTypeSpecific>
        <WebTestRunConfiguration testTypeId="4e7599fa-5ecb-43e9-a887-cd63cf72d207">
          <Browser name="Internet Explorer 9.0" MaxConnections="6">
            <Headers>
              <Header name="User-Agent" value="Mozilla/5.0 (compatible; MSIE 9.0; Windows NT 6.1; Trident/5.0)" />
              <Header name="Accept" value="*/*" />
              <Header name="Accept-Language" value="{{$IEAcceptLanguage}}" />
              <Header name="Accept-Encoding" value="GZIP" />
            </Headers>
          </Browser>
        </WebTestRunConfiguration>
      </TestTypeSpecific>
      <AgentRule name="Execution Agents">
      </AgentRule>
    </Execution>
    <Deployment runDeploymentRoot="Steven.Suing_ASDFDSFASDFASD 2014-12-15 14_43_19" />
    <Properties />
  </TestSettings>
  <Times creation="2014-12-15T14:43:19.0576040+00:00" queuing="2014-12-15T14:43:19.2919748+00:00" start="2014-12-15T14:43:19.3544831+00:00" finish="2014-12-15T14:43:30.3341017+00:00" />
  <ResultSummary outcome="Completed">
    <Counters total="1" executed="1" passed="1" error="0" failed="0" timeout="0" aborted="0" inconclusive="0" passedButRunAborted="0" notRunnable="0" notExecuted="0" disconnected="0" warning="0" completed="0" inProgress="0" pending="0" />
  </ResultSummary>
  <TestDefinitions>
    <WebTest name="WebTest1" storage="c:\users\steven.suing\documents\visual studio 2013\projects\demodcproject\demodcproject.performance\webtest1.webtest" id="37cf4f50-e72a-4e5c-a189-a0cdeea9ea51" persistedWebTest="77u/PD94bWwgdmVyc2lvbj0iMS4wIiBlbmNvZGluZz0iVVRGLTgiIHN0YW5kYWxvbmU9InllcyI/Pg0KPFdlYlRlc3QgTmFtZT0iV2ViVGVzdDEiIElkPSIzN2NmNGY1MC1lNzJhLTRlNWMtYTE4OS1hMGNkZWVhOWVhNTEiIE93bmVyPSIiIFByaW9yaXR5PSIyMTQ3NDgzNjQ3IiBFbmFibGVkPSJUcnVlIiBDc3NQcm9qZWN0U3RydWN0dXJlPSIiIENzc0l0ZXJhdGlvbj0iIiBUaW1lb3V0PSIwIiBXb3JrSXRlbUlkcz0iIiB4bWxucz0iaHR0cDovL21pY3Jvc29mdC5jb20vc2NoZW1hcy9WaXN1YWxTdHVkaW8vVGVhbVRlc3QvMjAxMCIgRGVzY3JpcHRpb249IiIgQ3JlZGVudGlhbFVzZXJOYW1lPSIiIENyZWRlbnRpYWxQYXNzd29yZD0iIiBQcmVBdXRoZW50aWNhdGU9IlRydWUiIFByb3h5PSJkZWZhdWx0IiBTdG9wT25FcnJvcj0iRmFsc2UiIFJlY29yZGVkUmVzdWx0RmlsZT0iIiBSZXN1bHRzTG9jYWxlPSIiPg0KICA8SXRlbXM+DQogICAgPFJlcXVlc3QgTWV0aG9kPSJHRVQiIEd1aWQ9ImE0NWYwNWQyLTA3MDgtNDNlNy05NzhhLTc3OGNmMjNjYTI0NCIgVmVyc2lvbj0iMS4xIiBVcmw9Imh0dHA6Ly9pbnN1cmFuY2Vjb2JpbGxpbmcuYXp1cmV3ZWJzaXRlcy5uZXQvYXBpL2FjY291bnRzZWFyY2giIFRoaW5rVGltZT0iMCIgVGltZW91dD0iMzAwIiBQYXJzZURlcGVuZGVudFJlcXVlc3RzPSJUcnVlIiBGb2xsb3dSZWRpcmVjdHM9IlRydWUiIFJlY29yZFJlc3VsdD0iVHJ1ZSIgQ2FjaGU9IkZhbHNlIiBSZXNwb25zZVRpbWVHb2FsPSIwIiBFbmNvZGluZz0idXRmLTgiIEV4cGVjdGVkSHR0cFN0YXR1c0NvZGU9IjAiIEV4cGVjdGVkUmVzcG9uc2VVcmw9IiIgUmVwb3J0aW5nTmFtZT0iIiBJZ25vcmVIdHRwU3RhdHVzQ29kZT0iRmFsc2UiPg0KICAgICAgPFF1ZXJ5U3RyaW5nUGFyYW1ldGVycz4NCiAgICAgICAgPFF1ZXJ5U3RyaW5nUGFyYW1ldGVyIE5hbWU9IlBvbGljeU51bWJlciIgVmFsdWU9IjAwMDAwNSIgUmVjb3JkZWRWYWx1ZT0iIiBDb3JyZWxhdGlvbkJpbmRpbmc9IiIgVXJsRW5jb2RlPSJUcnVlIiBVc2VUb0dyb3VwUmVzdWx0cz0iRmFsc2UiIC8+DQogICAgICA8L1F1ZXJ5U3RyaW5nUGFyYW1ldGVycz4NCiAgICA8L1JlcXVlc3Q+DQogIDwvSXRlbXM+DQo8L1dlYlRlc3Q+">
      <Execution id="3dd2a922-5df0-4cc8-b92a-6b6a91a95184" />
    </WebTest>
  </TestDefinitions>
  <TestLists>
    <TestList name="Results Not in a List" id="8c84fa94-04c1-424b-9868-57a2d4851a1d" />
    <TestList name="All Loaded Results" id="19431567-8539-422a-85d7-44ee4e166bda" />
  </TestLists>
  <TestEntries>
    <TestEntry isTransparent="false" testId="37cf4f50-e72a-4e5c-a189-a0cdeea9ea51" executionId="3dd2a922-5df0-4cc8-b92a-6b6a91a95184" testListId="8c84fa94-04c1-424b-9868-57a2d4851a1d" />
  </TestEntries>
  <Results>
    <WebTestResult executionId="3dd2a922-5df0-4cc8-b92a-6b6a91a95184" testId="37cf4f50-e72a-4e5c-a189-a0cdeea9ea51" testName="WebTest1" computerName="ASDFDSFASDFASD" duration="00:00:00.1848176" startTime="2014-12-15T14:43:19.4326018+00:00" endTime="2014-12-15T14:43:30.2403759+00:00" testType="4e7599fa-5ecb-43e9-a887-cd63cf72d207" outcome="Passed" testListId="8c84fa94-04c1-424b-9868-57a2d4851a1d" relativeResultsDirectory="3dd2a922-5df0-4cc8-b92a-6b6a91a95184">
      <ResultFiles>
        <ResultFile path="WebTest1.webtestResult" />
      </ResultFiles>
      <TestSettings name="Local" id="51479641-3046-4a7e-bac6-0cc9ebe85d5a">
        <Description>These are default test settings for a local test run.</Description>
        <Execution>
          <TestTypeSpecific>
            <WebTestRunConfiguration testTypeId="4e7599fa-5ecb-43e9-a887-cd63cf72d207">
              <Browser name="Internet Explorer 9.0" MaxConnections="6">
                <Headers>
                  <Header name="User-Agent" value="Mozilla/5.0 (compatible; MSIE 9.0; Windows NT 6.1; Trident/5.0)" />
                  <Header name="Accept" value="*/*" />
                  <Header name="Accept-Language" value="{{$IEAcceptLanguage}}" />
                  <Header name="Accept-Encoding" value="GZIP" />
                </Headers>
              </Browser>
            </WebTestRunConfiguration>
          </TestTypeSpecific>
          <AgentRule name="Execution Agents">
          </AgentRule>
        </Execution>
        <Deployment runDeploymentRoot="Steven.Suing_ASDFDSFASDFASD 2014-12-15 14_43_19" />
        <Properties />
      </TestSettings>
      <WebTestResultFilePath>Steven.Suing_ASDFDSFASDFASD 2014-12-15 14_43_19\In\3dd2a922-5df0-4cc8-b92a-6b6a91a95184\WebTest1.webtestResult</WebTestResultFilePath>
    </WebTestResult>
  </Results>
</TestRun>