<?xml version="1.0" encoding="UTF-8"?>
<TestRun id="8826181d-7852-419b-b180-e9d3a26683bd" name="Steven.Suing@ASDFDSFASDFASD 2014-12-16 14:50:21" runUser="ASDFDSFASDFASD\Steven.Suing" xmlns="http://microsoft.com/schemas/VisualStudio/TeamTest/2010">
  <TestSettings name="Local" id="51479641-3046-4a7e-bac6-0cc9ebe85d5a">
    <Description>These are default test settings for a local test run.</Description>
    <Execution>
      <TestTypeSpecific />
      <AgentRule name="Execution Agents">
      </AgentRule>
    </Execution>
    <Deployment runDeploymentRoot="Steven.Suing_ASDFDSFASDFASD 2014-12-16 14_50_21" />
    <Properties />
  </TestSettings>
  <Times creation="2014-12-16T14:50:21.8964293+00:00" queuing="2014-12-16T14:50:22.6153109+00:00" start="2014-12-16T14:50:22.9053049+00:00" finish="2014-12-16T14:50:33.9471005+00:00" />
  <ResultSummary outcome="Failed">
    <Counters total="1" executed="1" error="0" failed="1" timeout="0" aborted="0" inconclusive="0" passedButRunAborted="0" notRunnable="0" notExecuted="0" disconnected="0" warning="0" passed="0" completed="0" inProgress="0" pending="0" />
  </ResultSummary>
  <TestDefinitions>
    <WebTest name="UpdateCC" storage="c:\users\steven.suing\documents\visual studio 2013\projects\demodcproject\demodcproject.performance\updatecc.webtest" id="7276f83d-2c0e-46c0-b3d1-2e03c4a94dee" persistedWebTest="77u/PD94bWwgdmVyc2lvbj0iMS4wIiBlbmNvZGluZz0iVVRGLTgiIHN0YW5kYWxvbmU9InllcyI/Pg0KPFdlYlRlc3QgTmFtZT0iVXBkYXRlQ0MiIElkPSI3Mjc2ZjgzZC0yYzBlLTQ2YzAtYjNkMS0yZTAzYzRhOTRkZWUiIE93bmVyPSIiIFByaW9yaXR5PSIyMTQ3NDgzNjQ3IiBFbmFibGVkPSJUcnVlIiBDc3NQcm9qZWN0U3RydWN0dXJlPSIiIENzc0l0ZXJhdGlvbj0iIiBUaW1lb3V0PSIwIiBXb3JrSXRlbUlkcz0iIiB4bWxucz0iaHR0cDovL21pY3Jvc29mdC5jb20vc2NoZW1hcy9WaXN1YWxTdHVkaW8vVGVhbVRlc3QvMjAxMCIgRGVzY3JpcHRpb249IiIgQ3JlZGVudGlhbFVzZXJOYW1lPSIiIENyZWRlbnRpYWxQYXNzd29yZD0iIiBQcmVBdXRoZW50aWNhdGU9IlRydWUiIFByb3h5PSJkZWZhdWx0IiBTdG9wT25FcnJvcj0iRmFsc2UiIFJlY29yZGVkUmVzdWx0RmlsZT0iIiBSZXN1bHRzTG9jYWxlPSIiPg0KICA8SXRlbXM+DQogICAgPFJlcXVlc3QgTWV0aG9kPSJQT1NUIiBHdWlkPSJjNjgzYzg2Ny0zNjg5LTQ1OTktOWMxMi0zZDA0YTE4NGFjMGUiIFZlcnNpb249IjEuMSIgVXJsPSJodHRwOi8vbG9jYWxob3N0OjEyODcvQVBJL0NyZWRpdENhcmRzIiBUaGlua1RpbWU9IjAiIFRpbWVvdXQ9IjMwMCIgUGFyc2VEZXBlbmRlbnRSZXF1ZXN0cz0iVHJ1ZSIgRm9sbG93UmVkaXJlY3RzPSJUcnVlIiBSZWNvcmRSZXN1bHQ9IlRydWUiIENhY2hlPSJGYWxzZSIgUmVzcG9uc2VUaW1lR29hbD0iMCIgRW5jb2Rpbmc9InV0Zi04IiBFeHBlY3RlZEh0dHBTdGF0dXNDb2RlPSIwIiBFeHBlY3RlZFJlc3BvbnNlVXJsPSIiIFJlcG9ydGluZ05hbWU9IiIgSWdub3JlSHR0cFN0YXR1c0NvZGU9IkZhbHNlIj4NCiAgICAgIDxTdHJpbmdIdHRwQm9keSBDb250ZW50VHlwZT0iIiBJbnNlcnRCeXRlT3JkZXJNYXJrPSJGYWxzZSI+ZXdBTkFBb0FJQUFnQUNBQUlBQWlBRU1BY2dCbEFHUUFhUUIwQUVNQVlRQnlBR1FBVGdCMUFHMEFZZ0JsQUhJQUlnQTZBQ0FBSWdCekFHRUFiUUJ3QUd3QVpRQWdBSE1BZEFCeUFHa0FiZ0JuQUNBQU1RQWlBQ3dBRFFBS0FDQUFJQUFnQUNBQUlnQldBR1VBY2dCcEFHWUFhUUJqQUdFQWRBQnBBRzhBYmdCREFHOEFaQUJsQUNJQU9nQWdBQ0lBY3dCaEFHMEFjQUJzQUdVQUlBQnpBSFFBY2dCcEFHNEFad0FnQURJQUlnQXNBQTBBQ2dBZ0FDQUFJQUFnQUNJQVJRQjRBSEFBUkFCaEFIUUFaUUFpQURvQUlBQWlBSE1BWVFCdEFIQUFiQUJsQUNBQWN3QjBBSElBYVFCdUFHY0FJQUF6QUNJQUxBQU5BQW9BSUFBZ0FDQUFJQUFpQUZRQWJ3QnJBR1VBYmdBaUFEb0FJQUFpQUhNQVlRQnRBSEFBYkFCbEFDQUFjd0IwQUhJQWFRQnVBR2NBSUFBMEFDSUFMQUFOQUFvQUlBQWdBQ0FBSUFBaUFFa0FaQUFpQURvQUlBQXhBQTBBQ2dCOUFBPT08L1N0cmluZ0h0dHBCb2R5Pg0KICAgIDwvUmVxdWVzdD4NCiAgPC9JdGVtcz4NCjwvV2ViVGVzdD4=">
      <Execution id="a6be66ed-1b77-4413-b6d5-cafc1daae7dc" />
    </WebTest>
  </TestDefinitions>
  <TestLists>
    <TestList name="Results Not in a List" id="8c84fa94-04c1-424b-9868-57a2d4851a1d" />
    <TestList name="All Loaded Results" id="19431567-8539-422a-85d7-44ee4e166bda" />
  </TestLists>
  <TestEntries>
    <TestEntry isTransparent="false" testId="7276f83d-2c0e-46c0-b3d1-2e03c4a94dee" executionId="a6be66ed-1b77-4413-b6d5-cafc1daae7dc" testListId="8c84fa94-04c1-424b-9868-57a2d4851a1d" />
  </TestEntries>
  <Results>
    <WebTestResult executionId="a6be66ed-1b77-4413-b6d5-cafc1daae7dc" testId="7276f83d-2c0e-46c0-b3d1-2e03c4a94dee" testName="UpdateCC" computerName="ASDFDSFASDFASD" duration="00:00:00.1510649" startTime="2014-12-16T14:50:22.9893030+00:00" endTime="2014-12-16T14:50:33.8720809+00:00" testType="4e7599fa-5ecb-43e9-a887-cd63cf72d207" outcome="Failed" testListId="8c84fa94-04c1-424b-9868-57a2d4851a1d" relativeResultsDirectory="a6be66ed-1b77-4413-b6d5-cafc1daae7dc">
      <Output>
        <ErrorInfo>
          <Message>1 primary requests, 0 dependant requests and 0 conditional rules failed</Message>
        </ErrorInfo>
      </Output>
      <ResultFiles>
        <ResultFile path="UpdateCC.webtestResult" />
      </ResultFiles>
      <TestSettings name="Local" id="51479641-3046-4a7e-bac6-0cc9ebe85d5a">
        <Description>These are default test settings for a local test run.</Description>
        <Execution>
          <TestTypeSpecific>
            <WebTestRunConfiguration testTypeId="4e7599fa-5ecb-43e9-a887-cd63cf72d207">
              <Browser name="Internet Explorer 9.0" MaxConnections="6">
                <Headers>
                  <Header name="User-Agent" value="Mozilla/5.0 (compatible; MSIE 9.0; Windows NT 6.1; Trident/5.0)" />
                  <Header name="Accept" value="*/*" />
                  <Header name="Accept-Language" value="{{$IEAcceptLanguage}}" />
                  <Header name="Accept-Encoding" value="GZIP" />
                </Headers>
              </Browser>
            </WebTestRunConfiguration>
          </TestTypeSpecific>
          <AgentRule name="Execution Agents">
          </AgentRule>
        </Execution>
        <Deployment runDeploymentRoot="Steven.Suing_ASDFDSFASDFASD 2014-12-16 14_50_21" />
        <Properties />
      </TestSettings>
      <WebTestResultFilePath>Steven.Suing_ASDFDSFASDFASD 2014-12-16 14_50_21\In\a6be66ed-1b77-4413-b6d5-cafc1daae7dc\UpdateCC.webtestResult</WebTestResultFilePath>
    </WebTestResult>
  </Results>
</TestRun>