<?xml version="1.0" encoding="UTF-8"?>
<TestRun id="3d057b95-e56d-4346-8461-6746424bc236" name="Steven.Suing@ASDFDSFASDFASD 2014-12-16 18:18:40" runUser="ASDFDSFASDFASD\Steven.Suing" xmlns="http://microsoft.com/schemas/VisualStudio/TeamTest/2010">
  <TestSettings name="Local" id="51479641-3046-4a7e-bac6-0cc9ebe85d5a">
    <Description>These are default test settings for a local test run.</Description>
    <Execution>
      <TestTypeSpecific />
      <AgentRule name="Execution Agents">
      </AgentRule>
    </Execution>
    <Deployment runDeploymentRoot="Steven.Suing_ASDFDSFASDFASD 2014-12-16 18_18_40" />
    <Properties />
  </TestSettings>
  <Times creation="2014-12-16T18:18:40.6612558+00:00" queuing="2014-12-16T18:18:41.0053185+00:00" start="2014-12-16T18:18:41.0834514+00:00" finish="2014-12-16T18:18:52.0884598+00:00" />
  <ResultSummary outcome="Completed">
    <Counters total="1" executed="1" passed="1" error="0" failed="0" timeout="0" aborted="0" inconclusive="0" passedButRunAborted="0" notRunnable="0" notExecuted="0" disconnected="0" warning="0" completed="0" inProgress="0" pending="0" />
  </ResultSummary>
  <TestDefinitions>
    <WebTest name="RetrieveAccountById" storage="c:\users\steven.suing\documents\visual studio 2013\projects\demodcproject\demodcproject.performance\retrieveaccountbyid.webtest" id="dcf24e5b-dc19-4144-9fbf-dd655f7269cd" persistedWebTest="77u/PD94bWwgdmVyc2lvbj0iMS4wIiBlbmNvZGluZz0iVVRGLTgiIHN0YW5kYWxvbmU9InllcyI/Pg0KPFdlYlRlc3QgTmFtZT0iUmV0cmlldmVBY2NvdW50QnlJZCIgSWQ9ImRjZjI0ZTViLWRjMTktNDE0NC05ZmJmLWRkNjU1ZjcyNjljZCIgT3duZXI9IiIgUHJpb3JpdHk9IjIxNDc0ODM2NDciIEVuYWJsZWQ9IlRydWUiIENzc1Byb2plY3RTdHJ1Y3R1cmU9IiIgQ3NzSXRlcmF0aW9uPSIiIFRpbWVvdXQ9IjAiIFdvcmtJdGVtSWRzPSIiIHhtbG5zPSJodHRwOi8vbWljcm9zb2Z0LmNvbS9zY2hlbWFzL1Zpc3VhbFN0dWRpby9UZWFtVGVzdC8yMDEwIiBEZXNjcmlwdGlvbj0iIiBDcmVkZW50aWFsVXNlck5hbWU9IiIgQ3JlZGVudGlhbFBhc3N3b3JkPSIiIFByZUF1dGhlbnRpY2F0ZT0iVHJ1ZSIgUHJveHk9ImRlZmF1bHQiIFN0b3BPbkVycm9yPSJGYWxzZSIgUmVjb3JkZWRSZXN1bHRGaWxlPSIiIFJlc3VsdHNMb2NhbGU9IiI+DQogIDxJdGVtcz4NCiAgICA8UmVxdWVzdCBNZXRob2Q9IkdFVCIgR3VpZD0iOTU1MWEzNzYtZWU4OC00OWYwLTgzZDgtOTAxMWU1YjYyZjgwIiBWZXJzaW9uPSIxLjEiIFVybD0iaHR0cDovL2luc3VyYW5jZWNvYmlsbGluZy5henVyZXdlYnNpdGVzLm5ldC9hcGkvQmlsbGluZ0FjY291bnQiIFRoaW5rVGltZT0iMCIgVGltZW91dD0iMzAwIiBQYXJzZURlcGVuZGVudFJlcXVlc3RzPSJUcnVlIiBGb2xsb3dSZWRpcmVjdHM9IlRydWUiIFJlY29yZFJlc3VsdD0iVHJ1ZSIgQ2FjaGU9IkZhbHNlIiBSZXNwb25zZVRpbWVHb2FsPSIwIiBFbmNvZGluZz0idXRmLTgiIEV4cGVjdGVkSHR0cFN0YXR1c0NvZGU9IjAiIEV4cGVjdGVkUmVzcG9uc2VVcmw9IiIgUmVwb3J0aW5nTmFtZT0iIiBJZ25vcmVIdHRwU3RhdHVzQ29kZT0iRmFsc2UiPg0KICAgICAgPFF1ZXJ5U3RyaW5nUGFyYW1ldGVycz4NCiAgICAgICAgPFF1ZXJ5U3RyaW5nUGFyYW1ldGVyIE5hbWU9IkFjY291bnRJZCIgVmFsdWU9IjEwMDAzIiBSZWNvcmRlZFZhbHVlPSIiIENvcnJlbGF0aW9uQmluZGluZz0iIiBVcmxFbmNvZGU9IlRydWUiIFVzZVRvR3JvdXBSZXN1bHRzPSJGYWxzZSIgLz4NCiAgICAgIDwvUXVlcnlTdHJpbmdQYXJhbWV0ZXJzPg0KICAgIDwvUmVxdWVzdD4NCiAgPC9JdGVtcz4NCjwvV2ViVGVzdD4=">
      <Execution id="e7084027-e2cd-44a3-a0d2-199d6cb63c31" />
    </WebTest>
  </TestDefinitions>
  <TestLists>
    <TestList name="Results Not in a List" id="8c84fa94-04c1-424b-9868-57a2d4851a1d" />
    <TestList name="All Loaded Results" id="19431567-8539-422a-85d7-44ee4e166bda" />
  </TestLists>
  <TestEntries>
    <TestEntry isTransparent="false" testId="dcf24e5b-dc19-4144-9fbf-dd655f7269cd" executionId="e7084027-e2cd-44a3-a0d2-199d6cb63c31" testListId="8c84fa94-04c1-424b-9868-57a2d4851a1d" />
  </TestEntries>
  <Results>
    <WebTestResult executionId="e7084027-e2cd-44a3-a0d2-199d6cb63c31" testId="dcf24e5b-dc19-4144-9fbf-dd655f7269cd" testName="RetrieveAccountById" computerName="ASDFDSFASDFASD" duration="00:00:00.3043892" startTime="2014-12-16T18:18:41.1615974+00:00" endTime="2014-12-16T18:18:52.0728766+00:00" testType="4e7599fa-5ecb-43e9-a887-cd63cf72d207" outcome="Passed" testListId="8c84fa94-04c1-424b-9868-57a2d4851a1d" relativeResultsDirectory="e7084027-e2cd-44a3-a0d2-199d6cb63c31">
      <ResultFiles>
        <ResultFile path="RetrieveAccountById.webtestResult" />
      </ResultFiles>
      <TestSettings name="Local" id="51479641-3046-4a7e-bac6-0cc9ebe85d5a">
        <Description>These are default test settings for a local test run.</Description>
        <Execution>
          <TestTypeSpecific>
            <WebTestRunConfiguration testTypeId="4e7599fa-5ecb-43e9-a887-cd63cf72d207">
              <Browser name="Internet Explorer 9.0" MaxConnections="6">
                <Headers>
                  <Header name="User-Agent" value="Mozilla/5.0 (compatible; MSIE 9.0; Windows NT 6.1; Trident/5.0)" />
                  <Header name="Accept" value="*/*" />
                  <Header name="Accept-Language" value="{{$IEAcceptLanguage}}" />
                  <Header name="Accept-Encoding" value="GZIP" />
                </Headers>
              </Browser>
            </WebTestRunConfiguration>
          </TestTypeSpecific>
          <AgentRule name="Execution Agents">
          </AgentRule>
        </Execution>
        <Deployment runDeploymentRoot="Steven.Suing_ASDFDSFASDFASD 2014-12-16 18_18_40" />
        <Properties />
      </TestSettings>
      <WebTestResultFilePath>Steven.Suing_ASDFDSFASDFASD 2014-12-16 18_18_40\In\e7084027-e2cd-44a3-a0d2-199d6cb63c31\RetrieveAccountById.webtestResult</WebTestResultFilePath>
    </WebTestResult>
  </Results>
</TestRun>